Build started 4.10.2013 17:43:03.
     1>Project "F:\CEN133-SOFTWARE ENGINEER\PROJECTS\FACTORIAL (FNC)\FACTORIAL (FNC)\FACTORIAL (FNC).vcxproj" on node 2 (build target(s)).
     1>InitializeBuildStatus:
         Creating "Debug\FACTORIAL (FNC).unsuccessfulbuild" because "AlwaysCreate" was specified.
       ClCompile:
         C:\Program Files (x86)\Microsoft Visual Studio 10.0\VC\bin\CL.exe /c /ZI /nologo /W3 /WX- /Od /Oy- /D "WIN32" /D _DEBUG /D _CONSOLE /D "_UNICODE" /D "UNICODE" /Gm /EHsc /RTC1 /MDd /GS /fp:precise /Zc:wchar_t /Zc:forScope /Fo"Debug\\" /Fd"Debug\vc100.pdb" /Gd /TC /analyze- /errorReport:prompt Factorial.c
         Factorial.c
     1>f:\cen133-software engineer\projects\factorial (fnc)\factorial (fnc)\factorial.c(10): warning C4996: 'scanf': This function or variable may be unsafe. Consider using scanf_s instead. To disable deprecation, use _CRT_SECURE_NO_WARNINGS. See online help for details.
                 c:\program files (x86)\microsoft visual studio 10.0\vc\include\stdio.h(304) : see declaration of 'scanf'
     1>f:\cen133-software engineer\projects\factorial (fnc)\factorial (fnc)\factorial.c(7): warning C4101: 'fact' : unreferenced local variable
       ManifestResourceCompile:
         All outputs are up-to-date.
       Link:
         C:\Program Files (x86)\Microsoft Visual Studio 10.0\VC\bin\link.exe /ERRORREPORT:PROMPT /OUT:"F:\CEN133-SOFTWARE ENGINEER\PROJECTS\FACTORIAL (FNC)\Debug\FACTORIAL (FNC).exe" /INCREMENTAL /NOLOGO kernel32.lib user32.lib gdi32.lib winspool.lib comdlg32.lib advapi32.lib shell32.lib ole32.lib oleaut32.lib uuid.lib odbc32.lib odbccp32.lib /MANIFEST /ManifestFile:"Debug\FACTORIAL (FNC).exe.intermediate.manifest" /MANIFESTUAC:"level='asInvoker' uiAccess='false'" /DEBUG /PDB:"F:\CEN133-SOFTWARE ENGINEER\PROJECTS\FACTORIAL (FNC)\Debug\FACTORIAL (FNC).pdb" /SUBSYSTEM:CONSOLE /TLBID:1 /DYNAMICBASE /NXCOMPAT /IMPLIB:"F:\CEN133-SOFTWARE ENGINEER\PROJECTS\FACTORIAL (FNC)\Debug\FACTORIAL (FNC).lib" /MACHINE:X86 "Debug\FACTORIAL (FNC).exe.embed.manifest.res"
         Debug\Factorial.obj
       Manifest:
         C:\Program Files (x86)\Microsoft SDKs\Windows\v7.0A\bin\mt.exe /nologo /verbose /out:"Debug\FACTORIAL (FNC).exe.embed.manifest" /manifest "Debug\FACTORIAL (FNC).exe.intermediate.manifest"
         All outputs are up-to-date.
       LinkEmbedManifest:
         All outputs are up-to-date.
         FACTORIAL (FNC).vcxproj -> F:\CEN133-SOFTWARE ENGINEER\PROJECTS\FACTORIAL (FNC)\Debug\FACTORIAL (FNC).exe
       FinalizeBuildStatus:
         Deleting file "Debug\FACTORIAL (FNC).unsuccessfulbuild".
         Touching "Debug\FACTORIAL (FNC).lastbuildstate".
     1>Done Building Project "F:\CEN133-SOFTWARE ENGINEER\PROJECTS\FACTORIAL (FNC)\FACTORIAL (FNC)\FACTORIAL (FNC).vcxproj" (build target(s)).

Build succeeded.

Time Elapsed 00:00:00.43
